<?xml version="1.0" encoding="UTF-8"?>
<testsuites name="Mocha Tests" time="2.1930" tests="7" failures="0">
  <testsuite name="Root Suite" timestamp="2021-10-21T07:58:52" tests="0" time="0.0000" failures="0">
  </testsuite>
  <testsuite name="generator" timestamp="2021-10-21T07:58:54" tests="3" file="D:\cap\cap-bestpractices\test\unit\data\DataGenerator.js" time="0.0130" failures="0">
    <testcase name="generator should startup" time="0.0020" classname="should startup">
    </testcase>
    <testcase name="generator mock injectIntoCDS" time="0.0020" classname="mock injectIntoCDS">
    </testcase>
    <testcase name="generator write CSV" time="0.0040" classname="write CSV">
    </testcase>
  </testsuite>
  <testsuite name="books-ui" timestamp="2021-10-21T07:58:54" tests="4" file="D:\cap\cap-bestpractices\test\integration\book-ui.js" time="0.6720" failures="0">
    <testcase name="books-ui Books read set" time="0.0280" classname="Books read set">
    </testcase>
    <testcase name="books-ui should not allow to delete Books" time="0.0290" classname="should not allow to delete Books">
    </testcase>
    <testcase name="books-ui create a new Book" time="0.0300" classname="create a new Book">
    </testcase>
    <testcase name="books-ui should request Authors" time="0.4970" classname="should request Authors">
    </testcase>
  </testsuite>
</testsuites>
